<?xml version="1.0" encoding="UTF-8"?>
<testsuites>
  <testsuite name="C:\dev\semsearch\phpunit.xml" tests="26" assertions="103" errors="0" failures="0" skipped="0" time="1.819350">
    <testsuite name="Unit" tests="8" assertions="32" errors="0" failures="0" skipped="0" time="0.467396">
      <testsuite name="Venmail\SemanticSearch\Tests\Unit\EnhancedSemanticSearchServiceTest" file="C:\dev\semsearch\tests\Unit\EnhancedSemanticSearchServiceTest.php" tests="8" assertions="32" errors="0" failures="0" skipped="0" time="0.467396">
        <testcase name="it_handles_various_query_types" file="C:\dev\semsearch\tests\Unit\EnhancedSemanticSearchServiceTest.php" line="74" class="Venmail\SemanticSearch\Tests\Unit\EnhancedSemanticSearchServiceTest" classname="Venmail.SemanticSearch.Tests.Unit.EnhancedSemanticSearchServiceTest" assertions="8" time="0.294587"/>
        <testcase name="it_can_perform_basic_search" file="C:\dev\semsearch\tests\Unit\EnhancedSemanticSearchServiceTest.php" line="28" class="Venmail\SemanticSearch\Tests\Unit\EnhancedSemanticSearchServiceTest" classname="Venmail.SemanticSearch.Tests.Unit.EnhancedSemanticSearchServiceTest" assertions="3" time="0.023964"/>
        <testcase name="it_provides_metrics" file="C:\dev\semsearch\tests\Unit\EnhancedSemanticSearchServiceTest.php" line="37" class="Venmail\SemanticSearch\Tests\Unit\EnhancedSemanticSearchServiceTest" classname="Venmail.SemanticSearch.Tests.Unit.EnhancedSemanticSearchServiceTest" assertions="7" time="0.026870"/>
        <testcase name="it_can_reset_metrics" file="C:\dev\semsearch\tests\Unit\EnhancedSemanticSearchServiceTest.php" line="53" class="Venmail\SemanticSearch\Tests\Unit\EnhancedSemanticSearchServiceTest" classname="Venmail.SemanticSearch.Tests.Unit.EnhancedSemanticSearchServiceTest" assertions="1" time="0.024327"/>
        <testcase name="it_explains_queries" file="C:\dev\semsearch\tests\Unit\EnhancedSemanticSearchServiceTest.php" line="62" class="Venmail\SemanticSearch\Tests\Unit\EnhancedSemanticSearchServiceTest" classname="Venmail.SemanticSearch.Tests.Unit.EnhancedSemanticSearchServiceTest" assertions="6" time="0.024130"/>
        <testcase name="it_generates_suggestions" file="C:\dev\semsearch\tests\Unit\EnhancedSemanticSearchServiceTest.php" line="91" class="Venmail\SemanticSearch\Tests\Unit\EnhancedSemanticSearchServiceTest" classname="Venmail.SemanticSearch.Tests.Unit.EnhancedSemanticSearchServiceTest" assertions="1" time="0.023624"/>
        <testcase name="it_can_be_instantiated" file="C:\dev\semsearch\tests\Unit\EnhancedSemanticSearchServiceTest.php" line="22" class="Venmail\SemanticSearch\Tests\Unit\EnhancedSemanticSearchServiceTest" classname="Venmail.SemanticSearch.Tests.Unit.EnhancedSemanticSearchServiceTest" assertions="1" time="0.023743"/>
        <testcase name="it_maintains_consistent_api" file="C:\dev\semsearch\tests\Unit\EnhancedSemanticSearchServiceTest.php" line="98" class="Venmail\SemanticSearch\Tests\Unit\EnhancedSemanticSearchServiceTest" classname="Venmail.SemanticSearch.Tests.Unit.EnhancedSemanticSearchServiceTest" assertions="5" time="0.026153"/>
      </testsuite>
    </testsuite>
    <testsuite name="Integration" tests="10" assertions="26" errors="0" failures="0" skipped="0" time="0.360625">
      <testsuite name="Venmail\SemanticSearch\Tests\Integration\ServiceProviderTest" file="C:\dev\semsearch\tests\Integration\ServiceProviderTest.php" tests="10" assertions="26" errors="0" failures="0" skipped="0" time="0.360625">
        <testcase name="it_registers_query_history_service" file="C:\dev\semsearch\tests\Integration\ServiceProviderTest.php" line="76" class="Venmail\SemanticSearch\Tests\Integration\ServiceProviderTest" classname="Venmail.SemanticSearch.Tests.Integration.ServiceProviderTest" assertions="1" time="0.032521"/>
        <testcase name="it_registers_enhanced_search_service_as_singleton" file="C:\dev\semsearch\tests\Integration\ServiceProviderTest.php" line="18" class="Venmail\SemanticSearch\Tests\Integration\ServiceProviderTest" classname="Venmail.SemanticSearch.Tests.Integration.ServiceProviderTest" assertions="2" time="0.034060"/>
        <testcase name="it_registers_contextual_query_builder_as_singleton" file="C:\dev\semsearch\tests\Integration\ServiceProviderTest.php" line="38" class="Venmail\SemanticSearch\Tests\Integration\ServiceProviderTest" classname="Venmail.SemanticSearch.Tests.Integration.ServiceProviderTest" assertions="2" time="0.035892"/>
        <testcase name="it_registers_policy_gate" file="C:\dev\semsearch\tests\Integration\ServiceProviderTest.php" line="84" class="Venmail\SemanticSearch\Tests\Integration\ServiceProviderTest" classname="Venmail.SemanticSearch.Tests.Integration.ServiceProviderTest" assertions="1" time="0.037156"/>
        <testcase name="it_registers_project_analyzer_as_singleton" file="C:\dev\semsearch\tests\Integration\ServiceProviderTest.php" line="28" class="Venmail\SemanticSearch\Tests\Integration\ServiceProviderTest" classname="Venmail.SemanticSearch.Tests.Integration.ServiceProviderTest" assertions="2" time="0.041534"/>
        <testcase name="it_registers_locale_manager_as_singleton" file="C:\dev\semsearch\tests\Integration\ServiceProviderTest.php" line="66" class="Venmail\SemanticSearch\Tests\Integration\ServiceProviderTest" classname="Venmail.SemanticSearch.Tests.Integration.ServiceProviderTest" assertions="2" time="0.035220"/>
        <testcase name="it_merges_configuration" file="C:\dev\semsearch\tests\Integration\ServiceProviderTest.php" line="92" class="Venmail\SemanticSearch\Tests\Integration\ServiceProviderTest" classname="Venmail.SemanticSearch.Tests.Integration.ServiceProviderTest" assertions="7" time="0.037886"/>
        <testcase name="it_registers_dynamic_vocabulary_builder_as_singleton" file="C:\dev\semsearch\tests\Integration\ServiceProviderTest.php" line="48" class="Venmail\SemanticSearch\Tests\Integration\ServiceProviderTest" classname="Venmail.SemanticSearch.Tests.Integration.ServiceProviderTest" assertions="2" time="0.035399"/>
        <testcase name="it_registers_cache_adapter_with_proper_parameters" file="C:\dev\semsearch\tests\Integration\ServiceProviderTest.php" line="58" class="Venmail\SemanticSearch\Tests\Integration\ServiceProviderTest" classname="Venmail.SemanticSearch.Tests.Integration.ServiceProviderTest" assertions="1" time="0.034236"/>
        <testcase name="it_resolves_enhanced_search_service_with_all_dependencies" file="C:\dev\semsearch\tests\Integration\ServiceProviderTest.php" line="114" class="Venmail\SemanticSearch\Tests\Integration\ServiceProviderTest" classname="Venmail.SemanticSearch.Tests.Integration.ServiceProviderTest" assertions="6" time="0.036721"/>
      </testsuite>
    </testsuite>
    <testsuite name="Feature" tests="8" assertions="45" errors="0" failures="0" skipped="0" time="0.991329">
      <testsuite name="Venmail\SemanticSearch\Tests\Feature\EnhancedSearchTest" file="C:\dev\semsearch\tests\Feature\EnhancedSearchTest.php" tests="8" assertions="45" errors="0" failures="0" skipped="0" time="0.991329">
        <testcase name="it_handles_empty_queries_gracefully" file="C:\dev\semsearch\tests\Feature\EnhancedSearchTest.php" line="148" class="Venmail\SemanticSearch\Tests\Feature\EnhancedSearchTest" classname="Venmail.SemanticSearch.Tests.Feature.EnhancedSearchTest" assertions="3" time="0.127861"/>
        <testcase name="it_can_perform_basic_enhanced_search" file="C:\dev\semsearch\tests\Feature\EnhancedSearchTest.php" line="57" class="Venmail\SemanticSearch\Tests\Feature\EnhancedSearchTest" classname="Venmail.SemanticSearch.Tests.Feature.EnhancedSearchTest" assertions="3" time="0.122428"/>
        <testcase name="it_generates_search_suggestions" file="C:\dev\semsearch\tests\Feature\EnhancedSearchTest.php" line="98" class="Venmail\SemanticSearch\Tests\Feature\EnhancedSearchTest" classname="Venmail.SemanticSearch.Tests.Feature.EnhancedSearchTest" assertions="2" time="0.122621"/>
        <testcase name="it_handles_various_query_types" file="C:\dev\semsearch\tests\Feature\EnhancedSearchTest.php" line="108" class="Venmail\SemanticSearch\Tests\Feature\EnhancedSearchTest" classname="Venmail.SemanticSearch.Tests.Feature.EnhancedSearchTest" assertions="15" time="0.122840"/>
        <testcase name="it_explains_search_queries" file="C:\dev\semsearch\tests\Feature\EnhancedSearchTest.php" line="85" class="Venmail\SemanticSearch\Tests\Feature\EnhancedSearchTest" classname="Venmail.SemanticSearch.Tests.Feature.EnhancedSearchTest" assertions="6" time="0.122199"/>
        <testcase name="it_provides_search_metrics" file="C:\dev\semsearch\tests\Feature\EnhancedSearchTest.php" line="67" class="Venmail\SemanticSearch\Tests\Feature\EnhancedSearchTest" classname="Venmail.SemanticSearch.Tests.Feature.EnhancedSearchTest" assertions="7" time="0.122189"/>
        <testcase name="it_maintains_api_consistency" file="C:\dev\semsearch\tests\Feature\EnhancedSearchTest.php" line="127" class="Venmail\SemanticSearch\Tests\Feature\EnhancedSearchTest" classname="Venmail.SemanticSearch.Tests.Feature.EnhancedSearchTest" assertions="5" time="0.121947"/>
        <testcase name="it_provides_performance_estimates" file="C:\dev\semsearch\tests\Feature\EnhancedSearchTest.php" line="158" class="Venmail\SemanticSearch\Tests\Feature\EnhancedSearchTest" classname="Venmail.SemanticSearch.Tests.Feature.EnhancedSearchTest" assertions="4" time="0.129244"/>
      </testsuite>
    </testsuite>
  </testsuite>
</testsuites>
